<?xml version="1.0" encoding="UTF-8"?>
<testng-results ignored="1" total="2" passed="1" failed="0" skipped="0">
  <reporter-output>
  </reporter-output>
  <suite started-at="2023-01-19T17:22:05 PST" name="Default suite" finished-at="2023-01-19T17:22:05 PST" duration-ms="78">
    <groups>
    </groups>
    <test started-at="2023-01-19T17:22:05 PST" name="Default test" finished-at="2023-01-19T17:22:05 PST" duration-ms="78">
      <class name="Demo.Sample">
        <test-method signature="demoTest()[pri:0, instance:Demo.Sample@769e7ee8]" started-at="2023-01-19T17:22:05 PST" name="demoTest" finished-at="2023-01-19T17:22:05 PST" duration-ms="16" status="PASS">
          <reporter-output>
          </reporter-output>
        </test-method> <!-- demoTest -->
      </class> <!-- Demo.Sample -->
    </test> <!-- Default test -->
  </suite> <!-- Default suite -->
</testng-results>
