<?xml version="1.0" encoding="UTF-8"?>
<testng-results ignored="0" total="1" passed="1" failed="0" skipped="0">
  <reporter-output>
  </reporter-output>
  <suite started-at="2023-01-17T13:23:23 PST" name="Default suite" finished-at="2023-01-17T13:23:23 PST" duration-ms="72">
    <groups>
    </groups>
    <test started-at="2023-01-17T13:23:23 PST" name="Default test" finished-at="2023-01-17T13:23:23 PST" duration-ms="72">
      <class name="Demo.CreateOrgWithTest">
        <test-method signature="orgTest()[pri:0, instance:Demo.CreateOrgWithTest@d4342c2]" started-at="2023-01-17T13:23:23 PST" name="orgTest" finished-at="2023-01-17T13:23:23 PST" duration-ms="15" status="PASS">
          <reporter-output>
          </reporter-output>
        </test-method> <!-- orgTest -->
      </class> <!-- Demo.CreateOrgWithTest -->
    </test> <!-- Default test -->
  </suite> <!-- Default suite -->
</testng-results>
